2.6470 	ERROR 	Support for the `sounddevice` audio backend is not available this session. Please install `psychopy-sounddevice` and restart the session to enable support.
11.5803 	WARNING 	User requested fullscreen with size [2560 1440], but screen is actually [3840, 2160]. Using actual size
12.4070 	EXP 	Created window1 = Window(allowGUI=True, allowStencil=False, autoLog=True, backendConf=UNKNOWN, backgroundFit=<method-wrapper '__getattribute__' of attributeSetter object at 0x00000197B65EBF70>, backgroundImage=<method-wrapper '__getattribute__' of attributeSetter object at 0x00000197B65EBF10>, bitsMode=UNKNOWN, blendMode='avg', bpc=(8, 8, 8), color=array([-1, -1, -1]), colorSpace='rgb', depthBits=8, fullscr=<method-wrapper '__getattribute__' of attributeSetter object at 0x00000197B65EBC10>, gamma=None, gammaErrorPolicy='raise', lms=UNKNOWN, monitor=<psychopy.monitors.calibTools.Monitor object at 0x00000197BB3D0DF0>, multiSample=False, name='window1', numSamples=2, pos=(0, 0), screen=0, size=array([3840, 2160]), stencilBits=0, stereo=False, units='height', useFBO=True, useRetina=False, viewOri=0.0, viewPos=None, viewScale=None, waitBlanking=True, winType='pyglet')
12.4071 	EXP 	window1: mouseVisible = True
12.4071 	EXP 	window1: backgroundImage = ''
12.4071 	EXP 	window1: backgroundFit = 'none'
12.4073 	EXP 	window1: mouseVisible = False
12.4073 	EXP 	window1: Attempting to measure frame rate of screen (0) ...
12.4073 	EXP 	window1: recordFrameIntervals = False
12.5730 	EXP 	window1: recordFrameIntervals = True
12.7567 	EXP 	Screen (0) actual frame rate measured at 59.91Hz
12.7567 	EXP 	window1: recordFrameIntervals = False
14.9098 	EXP 	Created instructs_text = TextStim(__class__=<class 'psychopy.visual.text.TextStim'>, alignHoriz=method-wrapper(...), alignText='center', alignVert=method-wrapper(...), anchorHoriz='center', anchorVert='center', antialias=True, autoDraw=False, autoLog=True, bold=False, color=array([1., 1., 1.]), colorSpace='rgb', contrast=1.0, depth=-1.0, flipHoriz=False, flipVert=False, font='Arial', fontFiles=[], height=0.03, italic=False, languageStyle='LTR', name='instructs_text', opacity=1.0, ori=0, pos=array([0., 0.]), rgb=UNKNOWN, text='', units='height', win=Window(...), wrapWidth=1)
14.9123 	EXP 	Created instr_done_button = Rect(__class__=<class 'psychopy.visual.rect.Rect'>, anchor=('center', 'center'), autoDraw=False, autoLog=True, closeShape=True, color=method-wrapper(...), colorSpace='rgb', contrast=None, depth=-3.0, fillColor=array([0.12941176, 0.86666667, 0.12941176]), fillColorSpace='rgb', fillRGB=array([0.12941176, 0.86666667, 0.12941176]), interpolate=True, lineColor=array([-1.        , -0.21568627, -1.        ]), lineColorSpace='rgb', lineRGB=array([-1.        , -0.21568627, -1.        ]), lineWidth=1, name='instr_done_button', opacity=1.0, ori=0.0, pos=array([ 0. , -0.4]), size=array([0.4, 0.1]), units='height', vertices=ndarray(...), win=Window(...))
14.9504 	EXP 	Created instr_done_label = TextStim(__class__=<class 'psychopy.visual.text.TextStim'>, alignHoriz=method-wrapper(...), alignText='center', alignVert=method-wrapper(...), anchorHoriz='center', anchorVert='center', antialias=True, autoDraw=False, autoLog=True, bold=False, color=array([-1.        , -0.21568627, -1.        ]), colorSpace='rgb', contrast=1.0, depth=-4.0, flipHoriz=False, flipVert=False, font='Arial', fontFiles=[], height=0.05, italic=False, languageStyle='LTR', name='instr_done_label', opacity=1.0, ori=0, pos=array([ 0. , -0.4]), rgb=UNKNOWN, text='Weiter', units='height', win=Window(...), wrapWidth=1)
14.9506 	EXP 	window1: mouseVisible = True
14.9752 	EXP 	Created main_ready_msg = TextStim(__class__=<class 'psychopy.visual.text.TextStim'>, alignHoriz=method-wrapper(...), alignText='center', alignVert=method-wrapper(...), anchorHoriz='center', anchorVert='center', antialias=True, autoDraw=False, autoLog=True, bold=False, color=array([1., 1., 1.]), colorSpace='rgb', contrast=1.0, depth=0.0, flipHoriz=False, flipVert=False, font='Arial', fontFiles=[], height=0.03, italic=False, languageStyle='LTR', name='main_ready_msg', opacity=1.0, ori=0, pos=array([0., 0.]), rgb=UNKNOWN, text=str(...), units='height', win=Window(...), wrapWidth=1)
14.9770 	EXP 	Created button_L = Rect(__class__=<class 'psychopy.visual.rect.Rect'>, anchor=('center', 'center'), autoDraw=False, autoLog=True, closeShape=True, color=method-wrapper(...), colorSpace='rgb', contrast=None, depth=-1.0, fillColor=array([0.12941176, 0.86666667, 0.12941176]), fillColorSpace='rgb', fillRGB=array([0.12941176, 0.86666667, 0.12941176]), interpolate=True, lineColor=array([-1.        , -0.21568627, -1.        ]), lineColorSpace='rgb', lineRGB=array([-1.        , -0.21568627, -1.        ]), lineWidth=1, name='button_L', opacity=1.0, ori=0.0, pos=array([-0.4, -0.3]), size=array([0.4, 0.2]), units='height', vertices=ndarray(...), win=Window(...))
14.9781 	EXP 	Created ready_label_L = TextStim(__class__=<class 'psychopy.visual.text.TextStim'>, alignHoriz=method-wrapper(...), alignText='center', alignVert=method-wrapper(...), anchorHoriz='center', anchorVert='center', antialias=True, autoDraw=False, autoLog=True, bold=False, color=array([-1.        , -0.21568627, -1.        ]), colorSpace='rgb', contrast=1.0, depth=-2.0, flipHoriz=False, flipVert=False, font='Arial', fontFiles=[], height=0.05, italic=False, languageStyle='LTR', name='ready_label_L', opacity=1.0, ori=0, pos=array([-0.4, -0.3]), rgb=UNKNOWN, text='', units='height', win=Window(...), wrapWidth=1)
14.9798 	EXP 	Created button_R = Rect(__class__=<class 'psychopy.visual.rect.Rect'>, anchor=('center', 'center'), autoDraw=False, autoLog=True, closeShape=True, color=method-wrapper(...), colorSpace='rgb', contrast=None, depth=-3.0, fillColor=array([0.12941176, 0.86666667, 0.12941176]), fillColorSpace='rgb', fillRGB=array([0.12941176, 0.86666667, 0.12941176]), interpolate=True, lineColor=array([-1.        , -0.21568627, -1.        ]), lineColorSpace='rgb', lineRGB=array([-1.        , -0.21568627, -1.        ]), lineWidth=1, name='button_R', opacity=1.0, ori=0.0, pos=array([ 0.4, -0.3]), size=array([0.4, 0.2]), units='height', vertices=ndarray(...), win=Window(...))
14.9808 	EXP 	Created ready_label_R = TextStim(__class__=<class 'psychopy.visual.text.TextStim'>, alignHoriz=method-wrapper(...), alignText='center', alignVert=method-wrapper(...), anchorHoriz='center', anchorVert='center', antialias=True, autoDraw=False, autoLog=True, bold=False, color=array([-1.        , -0.21568627, -1.        ]), colorSpace='rgb', contrast=1.0, depth=-4.0, flipHoriz=False, flipVert=False, font='Arial', fontFiles=[], height=0.05, italic=False, languageStyle='LTR', name='ready_label_R', opacity=1.0, ori=0, pos=array([ 0.4, -0.3]), rgb=UNKNOWN, text='', units='height', win=Window(...), wrapWidth=1)
14.9809 	EXP 	window1: mouseVisible = True
14.9914 	EXP 	Created fixation = TextStim(__class__=<class 'psychopy.visual.text.TextStim'>, alignHoriz=method-wrapper(...), alignText='center', alignVert=method-wrapper(...), anchorHoriz='center', anchorVert='center', antialias=True, autoDraw=False, autoLog=True, bold=False, color=array([1., 1., 1.]), colorSpace='rgb', contrast=1.0, depth=0.0, flipHoriz=False, flipVert=False, font='Arial', fontFiles=[], height=0.1, italic=False, languageStyle='LTR', name='fixation', opacity=1.0, ori=0, pos=array([0., 0.]), rgb=UNKNOWN, text='+', units='height', win=Window(...), wrapWidth=1)
14.9925 	EXP 	Created text_stim = TextStim(__class__=<class 'psychopy.visual.text.TextStim'>, alignHoriz=method-wrapper(...), alignText='center', alignVert=method-wrapper(...), anchorHoriz='center', anchorVert='center', antialias=True, autoDraw=False, autoLog=True, bold=False, color=array([1., 1., 1.]), colorSpace='rgb', contrast=1.0, depth=-1.0, flipHoriz=False, flipVert=False, font='Arial', fontFiles=[], height=0.05, italic=False, languageStyle='LTR', name='text_stim', opacity=1.0, ori=0, pos=array([0., 0.]), rgb=UNKNOWN, text='', units='height', win=Window(...), wrapWidth=1)
14.9926 	EXP 	window1: mouseVisible = True
14.9943 	EXP 	Created button_left = Rect(__class__=<class 'psychopy.visual.rect.Rect'>, anchor=('center', 'center'), autoDraw=False, autoLog=True, closeShape=True, color=method-wrapper(...), colorSpace='rgb', contrast=None, depth=-5.0, fillColor=array([0.12941176, 0.86666667, 0.12941176]), fillColorSpace='rgb', fillRGB=array([0.12941176, 0.86666667, 0.12941176]), interpolate=True, lineColor=array([-1.        , -0.21568627, -1.        ]), lineColorSpace='rgb', lineRGB=array([-1.        , -0.21568627, -1.        ]), lineWidth=1, name='button_left', opacity=1.0, ori=0.0, pos=array([-0.4, -0.3]), size=array([0.4, 0.2]), units='height', vertices=ndarray(...), win=Window(...))
14.9954 	EXP 	Created trial_label_left = TextStim(__class__=<class 'psychopy.visual.text.TextStim'>, alignHoriz=method-wrapper(...), alignText='center', alignVert=method-wrapper(...), anchorHoriz='center', anchorVert='center', antialias=True, autoDraw=False, autoLog=True, bold=False, color=array([-1.        , -0.21568627, -1.        ]), colorSpace='rgb', contrast=1.0, depth=-6.0, flipHoriz=False, flipVert=False, font='Arial', fontFiles=[], height=0.05, italic=False, languageStyle='LTR', name='trial_label_left', opacity=1.0, ori=0, pos=array([-0.4, -0.3]), rgb=UNKNOWN, text='', units='height', win=Window(...), wrapWidth=1)
14.9971 	EXP 	Created button_right = Rect(__class__=<class 'psychopy.visual.rect.Rect'>, anchor=('center', 'center'), autoDraw=False, autoLog=True, closeShape=True, color=method-wrapper(...), colorSpace='rgb', contrast=None, depth=-7.0, fillColor=array([0.12941176, 0.86666667, 0.12941176]), fillColorSpace='rgb', fillRGB=array([0.12941176, 0.86666667, 0.12941176]), interpolate=True, lineColor=array([-1.        , -0.21568627, -1.        ]), lineColorSpace='rgb', lineRGB=array([-1.        , -0.21568627, -1.        ]), lineWidth=1, name='button_right', opacity=1.0, ori=0.0, pos=array([ 0.4, -0.3]), size=array([0.4, 0.2]), units='height', vertices=ndarray(...), win=Window(...))
14.9981 	EXP 	Created trial_label_right = TextStim(__class__=<class 'psychopy.visual.text.TextStim'>, alignHoriz=method-wrapper(...), alignText='center', alignVert=method-wrapper(...), anchorHoriz='center', anchorVert='center', antialias=True, autoDraw=False, autoLog=True, bold=False, color=array([-1.        , -0.21568627, -1.        ]), colorSpace='rgb', contrast=1.0, depth=-8.0, flipHoriz=False, flipVert=False, font='Arial', fontFiles=[], height=0.05, italic=False, languageStyle='LTR', name='trial_label_right', opacity=1.0, ori=0, pos=array([ 0.4, -0.3]), rgb=UNKNOWN, text='', units='height', win=Window(...), wrapWidth=1)
14.9991 	EXP 	Created feedback_msg = TextStim(__class__=<class 'psychopy.visual.text.TextStim'>, alignHoriz=method-wrapper(...), alignText='center', alignVert=method-wrapper(...), anchorHoriz='center', anchorVert='center', antialias=True, autoDraw=False, autoLog=True, bold=False, color=array([1., 1., 1.]), colorSpace='rgb', contrast=1.0, depth=-1.0, flipHoriz=False, flipVert=False, font='Arial', fontFiles=[], height=0.1, italic=False, languageStyle='LTR', name='feedback_msg', opacity=1.0, ori=0, pos=array([0., 0.]), rgb=UNKNOWN, text='', units='height', win=Window(...), wrapWidth=1)
15.0309 	EXP 	Created thanks_text = TextStim(__class__=<class 'psychopy.visual.text.TextStim'>, alignHoriz=method-wrapper(...), alignText='center', alignVert=method-wrapper(...), anchorHoriz='center', anchorVert='center', antialias=True, autoDraw=False, autoLog=True, bold=False, color=array([1., 1., 1.]), colorSpace='rgb', contrast=1.0, depth=0.0, flipHoriz=False, flipVert=False, font='Arial', fontFiles=[], height=0.1, italic=False, languageStyle='LTR', name='thanks_text', opacity=1.0, ori=0, pos=array([0., 0.]), rgb=UNKNOWN, text='Ende. \n \nVielen Dank für Deine Teilnahme!', units='height', win=Window(...), wrapWidth=1)
15.0362 	EXP 	Imported instructs.xlsx as conditions, 2 conditions, 2 params
15.0366 	EXP 	Created sequence: sequential, trialTypes=2, nReps=1, seed=None
15.0368 	EXP 	New trial (rep=0, index=0): {'pageN': 1, 'instruct_text': "Im Folgenden siehst Du einige Wörter, die Du in Kategorien einordnen sollst. Nutze dafür die Tasten 'A' und 'L'. Die Wörter werden eins nach dem anderen in der Mitte des Bildschirms erscheinen.  \nArbeite so schnell wie Du kannst, mache dabei aber so wenige Fehler wie möglich.\n"}
15.0728 	EXP 	instructs_text: height = 0.03
15.0728 	EXP 	instructs_text: height = 0.03
15.0728 	EXP 	instructs_text: height = 0.03
15.0728 	EXP 	instructs_text: text = "Im Folgenden siehst Du einige Wörter, die Du in Kategorien einordnen sollst. Nutze dafür die Tasten 'A' und 'L'. Die Wörter werden eins nach dem anderen in der Mitte des Bildschirms erscheinen.  \nArbeite so schnell wie Du kannst, mache dabei aber so wenige Fehler wie möglich.\n"
15.0728 	EXP 	instructs_text: autoDraw = True
15.0728 	EXP 	instr_done_button: autoDraw = True
15.0728 	EXP 	instr_done_label: autoDraw = True
20.3456 	DATA 	Mouse: Left button down, pos=(1868,168)
20.3469 	EXP 	New trial (rep=0, index=1): {'pageN': 2, 'instruct_text': "Beachte: \n \n1) Vor jedem Durchgang wird unten auf dem Bildschirm angezeigt, welche Kategorie zu welcher Taste gehört. Drücke die 'A'-Taste für Wörter, die zur Kategorie, die auf der linken Seite des Bildschirms angezeigt wird, gehören. Drücke die 'L'-Taste für Wörter, die zur Kategorie, die auf der rechten Seite des Bildschirms angezeigt wird, gehören. \n \n2) Jedes Wort gehört genau einer Kategorie an. Wenn Du einen Fehler machst, erscheint ein X auf dem Bildschirm. \n \n3) Halte Deine Finger stets auf den Tasten 'A' und 'L', um schnellstmöglich zu reagieren. \n \n4) Wenn Du langsam arbeitest, ist das Testergebnis ungültig. Versuch deswegen bitte, so schnell wie möglich zu sein.\n"}
20.3945 	EXP 	instructs_text: autoDraw = False
20.3945 	EXP 	instr_done_button: autoDraw = False
20.3945 	EXP 	instr_done_label: autoDraw = False
20.3945 	EXP 	instructs_text: height = 0.03
20.3945 	EXP 	instructs_text: height = 0.03
20.3945 	EXP 	instructs_text: height = 0.03
20.3945 	EXP 	instructs_text: text = "Beachte: \n \n1) Vor jedem Durchgang wird unten auf dem Bildschirm angezeigt, welche Kategorie zu welcher Taste gehört. Drücke die 'A'-Taste für Wörter, die zur Kategorie, die auf der linken Seite des Bildschirms angezeigt wird, gehören. Drücke die 'L'-Taste für Wörter, die zur Kategorie, die auf der rechten Seite des Bildschirms angezeigt wird, gehören. \n \n2) Jedes Wort gehört genau einer Kategorie an. Wenn Du einen Fehler machst, erscheint ein X auf dem Bildschirm. \n \n3) Halte Deine Finger stets auf den Tasten 'A' und 'L', um schnellstmöglich zu reagieren. \n \n4) Wenn Du langsam arbeitest, ist das Testergebnis ungültig. Versuch deswegen bitte, so schnell wie möglich zu sein.\n"
20.3945 	EXP 	instructs_text: autoDraw = True
20.3945 	EXP 	instr_done_button: autoDraw = True
20.3945 	EXP 	instr_done_label: autoDraw = True
20.4450 	DATA 	Mouse:  Left button up, pos=(1868,168)
21.5463 	DATA 	Mouse: Left button down, pos=(1868,168)
21.5520 	EXP 	Imported blocks_order1.xlsx as conditions, 7 conditions, 3 params
21.5524 	EXP 	Created sequence: sequential, trialTypes=7, nReps=1, seed=None
21.5526 	EXP 	New trial (rep=0, index=0): {'conds_file': 'pos_neg_train.xlsx', 'label_left': 'A = \nPositiv', 'label_right': 'L = \nNegativ'}
21.5874 	EXP 	instructs_text: autoDraw = False
21.5874 	EXP 	instr_done_button: autoDraw = False
21.5874 	EXP 	instr_done_label: autoDraw = False
21.5874 	EXP 	ready_label_L: height = 0.05
21.5874 	EXP 	ready_label_L: height = 0.05
21.5874 	EXP 	ready_label_L: height = 0.05
21.5874 	EXP 	ready_label_L: text = 'A = \nPositiv'
21.5874 	EXP 	ready_label_R: height = 0.05
21.5874 	EXP 	ready_label_R: height = 0.05
21.5874 	EXP 	ready_label_R: height = 0.05
21.5874 	EXP 	ready_label_R: text = 'L = \nNegativ'
21.5874 	EXP 	main_ready_msg: autoDraw = True
21.5874 	EXP 	button_L: autoDraw = True
21.5874 	EXP 	ready_label_L: autoDraw = True
21.5874 	EXP 	button_R: autoDraw = True
21.5874 	EXP 	ready_label_R: autoDraw = True
21.6377 	DATA 	Mouse:  Left button up, pos=(1868,168)
23.2060 	DATA 	Keypress: space
23.2143 	EXP 	Imported pos_neg_train.xlsx as conditions, 24 conditions, 3 params
23.2149 	EXP 	Created sequence: random, trialTypes=24, nReps=1, seed=None
23.2151 	EXP 	New trial (rep=0, index=0): {'stimImage': 'stimuli/blank.png', 'stimWord': 'Gold', 'CorrAns': 'a'}
23.2256 	EXP 	main_ready_msg: autoDraw = False
23.2256 	EXP 	button_L: autoDraw = False
23.2256 	EXP 	ready_label_L: autoDraw = False
23.2256 	EXP 	button_R: autoDraw = False
23.2256 	EXP 	ready_label_R: autoDraw = False
23.2256 	EXP 	text_stim: height = 0.05
23.2256 	EXP 	text_stim: height = 0.05
23.2256 	EXP 	text_stim: height = 0.05
23.2256 	EXP 	text_stim: text = 'Gold'
23.2256 	EXP 	trial_label_left: height = 0.05
23.2256 	EXP 	trial_label_left: height = 0.05
23.2256 	EXP 	trial_label_left: height = 0.05
23.2256 	EXP 	trial_label_left: text = 'A = \nPositiv'
23.2256 	EXP 	trial_label_right: height = 0.05
23.2256 	EXP 	trial_label_right: height = 0.05
23.2256 	EXP 	trial_label_right: height = 0.05
23.2256 	EXP 	trial_label_right: text = 'L = \nNegativ'
23.2256 	EXP 	fixation: autoDraw = True
23.4592 	EXP 	fixation: autoDraw = False
23.4592 	EXP 	text_stim: autoDraw = True
23.4592 	EXP 	button_left: autoDraw = True
23.4592 	EXP 	trial_label_left: autoDraw = True
23.4592 	EXP 	button_right: autoDraw = True
23.4592 	EXP 	trial_label_right: autoDraw = True
27.1470 	DATA 	Keypress: a
27.1631 	EXP 	fixation: autoDraw = False
27.1631 	EXP 	text_stim: autoDraw = False
27.1631 	EXP 	button_left: autoDraw = False
27.1631 	EXP 	trial_label_left: autoDraw = False
27.1631 	EXP 	button_right: autoDraw = False
27.1631 	EXP 	trial_label_right: autoDraw = False
27.1631 	EXP 	feedback_msg: height = 0.1
27.1631 	EXP 	feedback_msg: height = 0.1
27.1631 	EXP 	feedback_msg: height = 0.1
27.1631 	EXP 	feedback_msg: text = '+'
27.1631 	EXP 	feedback_msg: autoDraw = True
27.9823 	DATA 	Keypress: escape
28.4098 	EXP 	window1: mouseVisible = True
